Using pre-set license
Built from '2020.3/release' branch; Version is '2020.3.1f1 (77a89f25062f) revision 7841951'; Using compiler version '192528614'; Build Type 'Release'
OS: 'Windows 10 Home; OS build 19042.985; Version 2009; 64bit' Language: 'en' Physical Memory: 7632 MB
BatchMode: 1, IsHumanControllingUs: 0, StartBugReporterOnCrash: 0, Is64bit: 1, IsPro: 0

 COMMAND LINE ARGUMENTS:
C:\Users\tamee\OneDrive\Desktop\Unity\Unity Editor\2020.3.1f1\Editor\Unity.exe
-adb2
-batchMode
-noUpm
-name
AssetImportWorker0
-projectPath
C:/Week 4 Pre-Made work/Create-with-VR_2020LTS/VR Room Project
-logFile
Logs/AssetImportWorker0.log
-srvPort
63852
Successfully changed project path to: C:/Week 4 Pre-Made work/Create-with-VR_2020LTS/VR Room Project
C:/Week 4 Pre-Made work/Create-with-VR_2020LTS/VR Room Project
Using Asset Import Pipeline V2.
Refreshing native plugins compatible for Editor in 5502.66 ms, found 8 plugins.
Preloading 1 native plugins for Editor in 4.56 ms.
Initialize engine version: 2020.3.1f1 (77a89f25062f)
[Subsystems] Discovering subsystems at path C:/Users/tamee/OneDrive/Desktop/Unity/Unity Editor/2020.3.1f1/Editor/Data/Resources/UnitySubsystems
[Subsystems] Discovering subsystems at path C:/Week 4 Pre-Made work/Create-with-VR_2020LTS/VR Room Project/Assets
GfxDevice: creating device client; threaded=0
Direct3D:
    Version:  Direct3D 11.0 [level 11.1]
    Renderer: AMD Radeon(TM) R4 Graphics (ID=0x98e4)
    Vendor:   
    VRAM:     3816 MB
    Driver:   27.20.1028.1
Shader 'Universal Render Pipeline/Particles/Lit': fallback shader 'Universal Render Pipeline/Particles/SimpleLit' not found
Initialize mono
Mono path[0] = 'C:/Users/tamee/OneDrive/Desktop/Unity/Unity Editor/2020.3.1f1/Editor/Data/Managed'
Mono path[1] = 'C:/Users/tamee/OneDrive/Desktop/Unity/Unity Editor/2020.3.1f1/Editor/Data/MonoBleedingEdge/lib/mono/unityjit'
Mono config path = 'C:/Users/tamee/OneDrive/Desktop/Unity/Unity Editor/2020.3.1f1/Editor/Data/MonoBleedingEdge/etc'
Using monoOptions --debugger-agent=transport=dt_socket,embedding=1,server=y,suspend=n,address=127.0.0.1:56632
Begin MonoManager ReloadAssembly
